c:\users\jackm\onedrive\documents\visual studio 2015\projects\spacengine\s.p.a.c.e\x64\debug\vc140.pdb
c:\users\jackm\onedrive\documents\visual studio 2015\projects\spacengine\s.p.a.c.e\x64\debug\vc140.idb
c:\users\jackm\onedrive\documents\visual studio 2015\projects\spacengine\s.p.a.c.e\x64\debug\display.obj
c:\users\jackm\onedrive\documents\visual studio 2015\projects\spacengine\s.p.a.c.e\x64\debug\mesh.obj
c:\users\jackm\onedrive\documents\visual studio 2015\projects\spacengine\s.p.a.c.e\x64\debug\obj_loader.obj
c:\users\jackm\onedrive\documents\visual studio 2015\projects\spacengine\s.p.a.c.e\x64\debug\s.p.a.c.e.obj
c:\users\jackm\onedrive\documents\visual studio 2015\projects\spacengine\s.p.a.c.e\x64\debug\shader.obj
c:\users\jackm\onedrive\documents\visual studio 2015\projects\spacengine\s.p.a.c.e\x64\debug\skybox.obj
c:\users\jackm\onedrive\documents\visual studio 2015\projects\spacengine\s.p.a.c.e\x64\debug\texture.obj
c:\users\jackm\onedrive\documents\visual studio 2015\projects\spacengine\s.p.a.c.e\x64\debug\stb_image.obj
c:\users\jackm\onedrive\documents\visual studio 2015\projects\spacengine\s.p.a.c.e\x64\debug\objectbounds.obj
c:\users\jackm\onedrive\documents\visual studio 2015\projects\spacengine\s.p.a.c.e\x64\debug\main.obj
c:\users\jackm\onedrive\documents\visual studio 2015\projects\spacengine\x64\debug\s.p.a.c.e.ilk
c:\users\jackm\onedrive\documents\visual studio 2015\projects\spacengine\x64\debug\s.p.a.c.e.exe
c:\users\jackm\onedrive\documents\visual studio 2015\projects\spacengine\x64\debug\s.p.a.c.e.pdb
c:\users\jackm\onedrive\documents\visual studio 2015\projects\spacengine\s.p.a.c.e\x64\debug\s.p.a.c.e.tlog\cl.command.1.tlog
c:\users\jackm\onedrive\documents\visual studio 2015\projects\spacengine\s.p.a.c.e\x64\debug\s.p.a.c.e.tlog\cl.read.1.tlog
c:\users\jackm\onedrive\documents\visual studio 2015\projects\spacengine\s.p.a.c.e\x64\debug\s.p.a.c.e.tlog\cl.write.1.tlog
c:\users\jackm\onedrive\documents\visual studio 2015\projects\spacengine\s.p.a.c.e\x64\debug\s.p.a.c.e.tlog\link.command.1.tlog
c:\users\jackm\onedrive\documents\visual studio 2015\projects\spacengine\s.p.a.c.e\x64\debug\s.p.a.c.e.tlog\link.read.1.tlog
c:\users\jackm\onedrive\documents\visual studio 2015\projects\spacengine\s.p.a.c.e\x64\debug\s.p.a.c.e.tlog\link.write.1.tlog
